0
Acaryochloris marina,Acaryochloris marina MBIC11017,GCA_000018105,25,45,16.1217629092,21.5325455774,

4096
Acidovorax avenae,Acidovorax avenae subsp. avenae ATCC 19860,GCA_000176855,28,11,27.5783906834,-62.9690514486,

4096
Acinetobacter ADP1,Acinetobacter sp. ADP1,GCA_000046845,30,0.5,32.9736853644,-225.669947042,

4096
Actinobacillus pleuropneumoniae,Actinobacillus pleuropneumoniae serovar 5b str. L20,GCA_000015885,37,0.75,49.3445149368,-161.915373738,

4096
Aeromonas hydrophila,Aeromonas hydrophila subsp. hydrophila ATCC 7966,GCA_000014805,28,0.35,38.7404743411,-252.586485976,

4096
Aeropyrum pernix,Aeropyrum pernix K1,GCA_000011125,95,4,5.35467029958,-22.8328070469,

4096
Agrobacterium tumefaciens C58,Agrobacterium tumefaciens LBA4213 (Ach5),GCA_000576515,26,3,24.8276033884,-104.817190453,

4096
Alcanivorax borkumensis,Alcanivorax borkumensis SK2,GCA_000009365,28,10,24.6088099335,-87.8037131889,

4096
Anabaena variabilis,Anabaena variabilis ATCC 29413,GCA_000204075,20,8,24.4742699998,-73.4342063969,

4096
Anaeromyxobacter dehalogenans,Anaeromyxobacter dehalogenans 2CP-C,GCA_000013385,30,9.2,6.02192385145,-17.7070286768,

4096
Anaplasma marginale,Anaplasma marginale str. St. Maries,GCA_000011945,37,21.6,-5.22225690713,78.4428812161,

4096
Anaplasma phagocytophilum,Anaplasma phagocytophilum str. HZ,GCA_000013125,37,7,-2.69376467173,79.1510941061,

4096
Aquifex aeolicus,Aquifex aeolicus VF5,GCA_000008625,95,1.8,10.2371219058,-101.658531154,

4096
Archaeoglobus fulgidus,Archaeoglobus fulgidus DSM 4304,GCA_000008665,85,4,-2.19290362116,51.3432603218,

4096
Arcobacter butzleri,Arcobacter butzleri RM4018,GCA_000014025,37,0.66,53.9472448562,-226.842244824,

4096
Arthrobacter aurescens,Arthrobacter aurescens TC1,GCA_000014925,30,2,10.1994478377,2.50059212573,

4096
Azoarcus sp EbN1,Aromatoleum aromaticum EbN1,GCA_000025965,28,4.3,18.7298679959,-141.21343437,

4096
Bacillus anthracis Ames,Bacillus anthracis str. Ames,GCA_000007845,37,0.5,61.8061222852,-410.670990857,

4096
Bacillus cereus ATCC 14579,Bacillus cereus ATCC 14579,GCA_000007825,30,0.3,56.1494371267,-429.735943098,

4096
Bacillus halodurans,Bacillus halodurans C-125,GCA_000011145,30,0.6,56.5114237277,-994.510600965,

4096
Bacillus licheniformis ATCC14580,Bacillus licheniformis DSM 13 = ATCC 14580,GCA_000011645,37,0.58,47.7395189772,-874.66367123,

4096
Bacillus subtilis 168,Bacillus subtilis subsp. subtilis str. 168,GCA_000789275,37,0.43,56.0373355683,-299.375391867,

4096
Bacillus thuringiensis konkukian 97-27,Bacillus thuringiensis serovar konkukian str. 97-27,GCA_000008505,30,0.42,65.6689798753,-451.167553829,

4096
Bacteroides fragilis,Bacteroides fragilis YCH46,GCA_000009925,37,0.63,-13.4170207971,321.840968173,

4096
Bacteroides thetaiotaomicron VPI5482,Bacteroides thetaiotaomicron VPI-5482,GCA_000011065,37,1.47,-14.0977266591,195.901522212,

4096
Bartonella henselae Houston-1,Bartonella henselae str. Houston-1,GCA_000046705,37,3,20.4860260189,-117.891698465,

4096
Bartonella quintana Toulouse,Bartonella quintana str. Toulouse,GCA_000046685,37,3,19.1069659846,-156.047195219,

4096
Bdellovibrio bacteriovorus,Bdellovibrio bacteriovorus,GCA_000691605,30,1.4,36.1109021592,-432.423404473,

4096
Bifidobacterium longum NCC2705 ,Bifidobacterium longum NCC2705,GCA_000007525,37,1.51,14.2734082839,-57.4549198972,

4096
Bordetella bronchiseptica RB50,Bordetella bronchiseptica RB50,GCA_000195675,37,1.42,23.7707665018,-65.5554042424,

4096
Bordetella pertussis 12822,Bordetella parapertussis 12822,GCA_000195695,37,3.8,18.388335451,-20.0645153636,

4096
Borrelia burgdorferi,Borrelia burgdorferi,GCA_000769595,30,4,33.8619829995,-206.833289881,

4096
Borrelia garinii PBi,Borrelia garinii PBi,GCA_000196215,37,4,27.0261915911,-167.524128236,

4096
Bradyrhizobium japonicum USDA110,Bradyrhizobium japonicum USDA 6,GCA_000284375,26,20,18.4091543311,-56.6240321562,

4096
Brucella abortus biovar1 9-941,Brucella abortus bv. 1 str. 9-941,GCA_000008145,37,2,14.9105617242,-54.8013932648,

4096
Brucella melitensis 16M,Brucella melitensis bv. 1 str. 16M,GCA_000740415,37,2,17.4402938093,-40.7061074477,

4096
Brucella suis 1330 ,Brucella suis 1330,GCA_000223195,37,2,14.0642025711,-43.995587911,

4096
Buchnera aphidicola Baizongia pistaciae,Buchnera aphidicola str. Bp (Baizongia pistaciae),GCA_000007725,22,36,21.7754597382,-293.412738068,

4096
Buchnera aphidicola Sg,Buchnera aphidicola str. Sg (Schizaphis graminum),GCA_000007365,22,36,25.7010710609,-151.296159528,

4096
Burkholderia mallei ATCC23344,Burkholderia mallei ATCC 23344,GCA_000011705,37,0.75,6.7986149907,116.016152205,

4096
Burkholderia pseudomallei K96243,Burkholderia pseudomallei K96243,GCA_000011545,37,1,15.3843295793,42.9861392766,

4096
Caldivirga maquilingensis,Caldivirga maquilingensis IC-167,GCA_000018305,83,8,-1.5709927915,25.0237301521,

4096
Campylobacter jejuni,Campylobacter jejuni subsp. jejuni NCTC 11168 = ATCC 700819,GCA_000009085,37,1.5,45.3429938303,-367.258166729,

4096
Candidatus Blochmannia floridanus,Candidatus Blochmannia floridanus,GCA_000043285,30,36,16.051244407,-115.513548194,

4096
Candidatus Pelagibacter ubique,Candidatus Pelagibacter ubique HTCC1062,GCA_000012345,,30,4.68484219278,15.2892733718,

4096
Carboxydothermus hydrogenoformans,Carboxydothermus hydrogenoformans Z-2901,GCA_000012865,68,2,40.1277714167,-395.11956347,

4096
Caulobacter crescentus,Caulobacter crescentus NA1000,GCA_000022005,30,1.5,6.81001937311,4.8313212258,

4096
Chlamydia pneumonia A,Chlamydophila pneumoniae CWL029,GCA_000008745,37,24,15.4768274535,-60.4809903195,

4096
Chlamydia trachomatis,Chlamydia trachomatis,GCA_000590735,37,24,13.2278555726,-92.0382417775,

10995
Chlamydophila abortus S26/3,Chlamydophila abortus S26/3,GCA_000026025,37,24,11.8327935912,-92.7248921956,

10995
Chlamydophila caviae GPIC,Chlamydophila caviae GPIC,GCA_000007605,37,24,14.8234742739,-134.154702661,

10995
Chlorobium tepidum TLS,Chlorobium tepidum TLS,GCA_000006985,30,2,-3.71794050436,57.2148419674,

10995
Chloroflexus aurantiacus,Chloroflexus aurantiacus J-10-fl,GCA_000018865,49,6,29.7245053475,-144.085591723,

10995
Chromobacterium violaceum ATCC12472,Chromobacterium violaceum ATCC 12472,GCA_000007705,26,0.8,17.118937719,-33.0466007865,

10995
Clostridium acetobutylicum ATCC824,Clostridium acetobutylicum ATCC 824,GCA_000008765,37,0.58,63.2361759848,-756.307742246,

10995
Clostridium perfringens 13,Clostridium perfringens str. 13,GCA_000009685,37,0.2,60.3889127511,-452.024519274,

10995
Clostridium tetani E88,Clostridium tetani E88,GCA_000007625,37,0.5,44.3384130694,-256.353087404,

10995
Colwellia psychrerythraea,Colwellia psychrerythraea 34H,GCA_000012325,10,7.14,40.9777768039,-350.318759648,

10995
Corynebacterium glutamicum,Corynebacterium glutamicum,GCA_000742735,30,1.2,23.1939400928,-100.394931601,

10995
Coxiella burnetii RSA 493,Coxiella burnetii RSA 493,GCA_000007765,37,8,11.6387131359,-17.8370806313,

10995
Dehalococcoides ethenogenes 195,Dehalococcoides mccartyi 195,GCA_000011905,35,19,23.5780481005,-245.366335066,

10995
Deinococcus radiodurans chromosome1,Deinococcus radiodurans R1,GCA_000008565,30,1.5,-8.09263868881,130.361530202,

12107
Delftia acidovorans,Delftia acidovorans SPH-1,GCA_000018665,30,4.62,31.8063569337,-114.317393212,

12107
Desulfotalea psychrophila LSv54,Desulfotalea psychrophila LSv54,GCA_000025945,7,27,29.1378789164,-149.758529274,

12107
Desulfotomaculum reducens,Desulfotomaculum reducens MI-1,GCA_000016165,37,20,49.4961246987,-304.15646883,

12107
Desulfovibrio vulgaris vulgaris Hildenborough,Desulfovibrio vulgaris str. Hildenborough,GCA_000195755,32,14,30.817005442,-96.7198711012,

12107
Dinoroseobacter shibae,Dinoroseobacter shibae DFL 12 = DSM 16493,GCA_000018145,33,4.08,24.2263577621,-90.4319050354,

12107
Ehrlichia canis,Ehrlichia canis str. Jake,GCA_000012565,37,28,5.72311527677,-30.0426454657,

12107
Ehrlichia chaffeensis,Ehrlichia chaffeensis str. Arkansas,GCA_000013145,37,19,3.73201906224,8.65079654076,

12107
Enterobacter sakazakii,Cronobacter sakazakii ATCC BAA-894,GCA_000017665,37,0.23,25.7480182938,-56.1343749397,

12107
Enterococcus faecalis V583,Enterococcus faecalis V583,GCA_000007785,37,0.5,51.6686372812,-437.291360341,

12107
Erwinia carotovora atroseptica SCRI1043,Pectobacterium atrosepticum SCRI1043,GCA_000011605,28,0.2,41.9105158115,-260.679433936,

12107
Escherichia coli MG1655,Escherichia coli str. K-12 substr. MG1655,GCA_000801205,37,0.35,46.3490606051,-289.818032639,

12107
Francisella tularensis,Francisella tularensis subsp. novicida U112,GCA_000014645,37,3,31.7038927689,-151.138548864,

12107
Fusobacterium nucleatum,Fusobacterium nucleatum subsp. animalis 4_8,GCA_000400875,37,0.72,59.0901907331,-393.748248183,

12107
Geobacter sulfurreducens PCA,Geobacter sulfurreducens PCA,GCA_000007985,30,6,53.2764257451,-661.141224759,

12107
Gloeobacter violaceus,Gloeobacter violaceus PCC 7421,GCA_000011385,,72,3.93001994408,58.880085745,

12107
Gluconobacter oxydans 621H,Gluconobacter oxydans 621H,GCA_000011685,28,0.94,14.1231301277,-27.4126965117,

12107
Gramella forsetii,Gramella forsetii KT0803,GCA_000060345,,4.17,-11.9512714422,395.083959044,

12107
Haemophilus ducreyi 35000HP,Haemophilus ducreyi 35000HP,GCA_000007945,36,1.8,36.8534994354,-170.742110533,

12107
Haemophilus influenzae,Haemophilus influenzae,GCA_000767075,36,0.5,45.3573377376,-266.305657659,

12107
Haloarcula marismortui,Haloarcula marismortui ATCC 43049,GCA_000011085,50,12,-18.2118994816,274.242311374,

12107
Halobacterium sp. Strain NRC-1,Halobacterium sp. NRC-1,GCA_000006805,37,9,-23.2854065155,317.926959322,

12107
Haloquadratum walsbyi,Haloquadratum walsbyi DSM 16790,GCA_000009185,37,24,-4.60501592719,84.1944974835,

12107
Helicobacter hepaticus ATCC51449,Helicobacter hepaticus ATCC 51449,GCA_000007905,37,4.2,43.8833630328,-271.786857933,

12107
Helicobacter pylori,Helicobacter pylori,GCA_000685745,37,2.4,34.5215410471,-166.446497866,

12107
Herpetosiphon aurantiacus,Herpetosiphon aurantiacus DSM 785,GCA_000018565,30,20,64.3310691315,-348.354328193,

12107
Hyperthermus butylicus,Hyperthermus butylicus DSM 5456,GCA_000015145,99,2,5.10075728994,-32.1894807771,

12107
Ignicoccus hospitalis,Ignicoccus hospitalis KIN4/I,GCA_000017945,90,0.83,5.30015091062,-35.207419797,

12107
Lactobacillus acidophilus NCFM,Lactobacillus acidophilus NCFM,GCA_000011985,45,1.8,40.4034115858,-623.082208877,

12107
Lactobacillus johnsonii NCC533,Lactobacillus johnsonii NCC 533,GCA_000008065,30,0.9,38.555318897,-334.887076746,

12107
Lactobacillus plantarum WCFS1,Lactobacillus plantarum WCFS1,GCA_000203855,30,1.6,51.0205999605,-659.016520141,

12107
Lactococcus lactis IL1403,Lactococcus lactis subsp. lactis Il1403,GCA_000006865,40,0.7,43.1539635426,-396.485090112,

12107
Legionella pneumophila pneumophila Philadelphia 1,Legionella pneumophila subsp. pneumophila str. Philadelphia 1,GCA_000008485,37,3.3,29.2176932138,-303.329146565,

12107
Leifsonia xyli xyli CTCB07,Leifsonia xyli subsp. xyli str. CTCB07,GCA_000007665,23,5,-8.34950338472,207.107576429,

12107
Leptospira interrogans serovar lai 56601 chr1,Leptospira interrogans serovar Lai str. 56601,GCA_000092565,29,9,26.4607632732,-216.78782075,

12107
Listeria innocua Clip11262 ,Listeria innocua Clip11262,GCA_000195795,22,0.6,51.1014097447,-564.569891705,

12107
Listeria monocytogenes strain EGD ,Listeria monocytogenes EGD,GCA_000582845,23,1,51.3116476931,-982.574369554,

12107
Mannheimia succiniciproducens MBEL55E,Mannheimia succiniciproducens MBEL55E,GCA_000007745,37,0.6,37.1597549543,-144.009916461,

12107
Mesorhizobium loti,Mesorhizobium loti MAFF303099,GCA_000009625,26,2.4,3.64148364176,112.808852623,

12107
Methanobacterium thermoautotrophicum,Methanothermobacter thermautotrophicus str. Delta H,GCA_000008645,65,1,7.67933924598,-103.557081119,

12107
Methanococcoides burtonii,Methanococcoides burtonii DSM 6242,GCA_000013725,32,20,25.8696079132,-94.3854216757,

12107
Methanococcus jannaschii,Methanocaldococcus jannaschii DSM 2661,GCA_000091665,83,0.5,8.27088807804,-116.31648394,

12336
Methanopyrus kandleri,Methanopyrus kandleri AV19,GCA_000007185,98,0.83,12.2645212896,-156.027789469,

12336
Methanosarcina barkeri,Methanosarcina barkeri str. Fusaro,GCA_000195895,37,12,35.0510357167,-141.86793101,

12336
Methylobacillus flagellatus,Methylobacillus flagellatus KT,GCA_000013705,36,2,22.8618821331,-112.14427846,

12336
Methylobacterium extorquens,Methylobacterium extorquens PA1,GCA_000018845,28,4.2,9.15063334514,-1.77956688479,

12336
Methylococcus capsulatus,Methylococcus capsulatus str. Bath,GCA_000008325,37,1.87,11.2461974484,-26.7858232665,

12336
Moorella thermoacetica,Moorella thermoacetica ATCC 39073,GCA_000013105,58,5,28.1842157337,-174.718453343,

12336
Mycobacterium avium paratuberculosis k10,Mycobacterium avium subsp. paratuberculosis K-10,GCA_000007865,37,10,-19.8798484588,132.617929492,

12336
Mycobacterium bovis bovis AF2122/97,Mycobacterium bovis AF2122/97,GCA_000195835,37,23,-14.2028882377,160.788105685,

12336
Mycobacterium leprae,Mycobacterium leprae TN,GCA_000195855,37,240,-5.36968585302,86.8353123895,

12336
Mycobacterium tuberculosis,Mycobacterium tuberculosis,GCA_000756545,37,19,-11.8641798385,180.20307913,

12336
Mycoplasma capricolum,Mycoplasma capricolum subsp. capricolum ATCC 27343,GCA_000012765,37,2.5,33.0938677599,-143.91129338,

12336
Mycoplasma gallisepticum R,Mycoplasma gallisepticum str. R(low),GCA_000092585,37,1,5.13942307692,10.7728499373,

12336
Mycoplasma genitalium,Mycoplasma genitalium G37,GCA_000027325,37,12,-3.03637171199,50.1562077647,

12336
Mycoplasma hyopneumoniae 232,Mycoplasma hyopneumoniae 232,GCA_000008405,37,2,24.6552950532,-102.433884521,

12336
Mycoplasma mobile 163K,Mycoplasma mobile 163K,GCA_000008365,20,10,24.4397038373,-128.875300525,

12336
Mycoplasma mycoides mycoides SC,Mycoplasma mycoides subsp. mycoides SC str. PG1,GCA_000011445,45,2.2,28.7917033438,-191.128745956,

12336
Mycoplasma pneumoniae,Mycoplasma pneumoniae M129,GCA_000027345,37,6,-1.39840692075,55.6834094636,

12336
Mycoplasma pulmonis UAB CTIP,Mycoplasma pulmonis UAB CTIP,GCA_000195875,37,1.5,22.6806926661,-217.84399353,

12336
Myxococcus xanthus,Myxococcus xanthus DK 1622,GCA_000012685,30,5,-1.14247567294,65.8019074625,

12336
Nanoarchaeum equitans,Nanoarchaeum equitans Kin4-M,GCA_000008085,90,0.75,-4.18832013688,66.7573298323,

12336
Neisseria gonorrhoeae FA1090,Neisseria gonorrhoeae FA 1090,GCA_000006845,36,0.58,24.9871801463,-71.2522200883,

12336
Neisseria meningitidis A,Neisseria meningitidis MC58,GCA_000008805,37,0.72,27.5015082171,-135.189579132,

12336
Nitrobacter winogradskyi,Nitrobacter winogradskyi Nb-255,GCA_000012725,28,8,6.89131532643,19.7770368756,

12336
Nitrosomonas europaea ATCC19718,Nitrosomonas europaea ATCC 19718,GCA_000009145,27,18.5,20.9787743334,-52.116833327,

12336
Nocardia farcinica,Nocardia farcinica IFM 10152,GCA_000009805,37,3,-5.67744432249,139.350113517,

12336
Nostoc sp. PCC 7120 ,Nostoc sp. PCC 7120,GCA_000009705,,12,16.2773020054,5.3973726929,

12336
Oenococcus oeni,Oenococcus oeni PSU-1,GCA_000014385,24,10.5,32.5904602301,-199.354189823,

12336
Parachlamydia sp UWE25,Candidatus Protochlamydia amoebophila UWE25,GCA_000011565,,48,26.3713950011,-68.0523641454,

12336
Paracoccus denitrificans,Paracoccus denitrificans PD1222,GCA_000203895,30,2.1,20.3064641352,-85.153076315,

12336
Pasteurella multocida PM70,Pasteurella multocida subsp. multocida str. Pm70,GCA_000006825,37,1,47.6488792865,-204.594677296,

12336
Petrotoga mobilis,Petrotoga mobilis SJ95,GCA_000018605,55,12,43.6772645292,-356.154528897,

12336
Photobacterium profundum SS9,Photobacterium profundum SS9,GCA_000196255,10,2.5,44.215416782,-246.431558298,

12674
Photorhabdus luminescens laumondii TTO1,Photorhabdus luminescens subsp. laumondii TTO1,GCA_000196155,28,0.5,57.5070252439,-330.854743054,

12674
Picrophilus torridus DSM 9790,Picrophilus torridus DSM 9790,GCA_000008265,60,6,1.62389536142,0.696016825069,

12674
Pirellula sp,Pirellula staleyi DSM 6068,GCA_000025185,28,10,27.9917409067,-113.808774042,

12674
Porphyromonas gingivalis W83,Porphyromonas gingivalis W83,GCA_000007585,37,2.7,-11.2252227495,235.375303925,

12674
Prochlorococcus marinus marinus CCMP1375,Prochlorococcus marinus subsp. marinus str. CCMP1375,GCA_000007925,,17,1.11148048013,162.022039339,

12674
Propionibacterium acnes KPA171202,Propionibacterium acnes KPA171202,GCA_000008345,31,5.1,13.9762206765,-101.135592812,

12674
Pseudoalteromonas haloplanktis,Pseudoalteromonas haloplanktis TAC125,GCA_000026085,26,0.5,38.3383636706,-179.667367879,

12674
Pseudomonas aeruginosa PA01,Pseudomonas aeruginosa PAO1,GCA_000006765,37,0.5,47.6082605374,-432.976419829,

12674
Pseudomonas putida KT2440,Pseudomonas putida KT2440,GCA_000007565,27,1.1,35.3508620522,-138.802489877,

12674
Pseudomonas syringae tomato DC3000,Pseudomonas syringae pv. tomato str. DC3000,GCA_000007805,27,1.47,42.4831030167,-226.550417842,

12674
Psychromonas ingrahamii,Psychromonas ingrahamii 37,GCA_000015285,12,12,48.4880341989,-670.553904036,

12674
Pyrobaculum aerophilum,Pyrobaculum aerophilum str. IM2,GCA_000007225,100,3,-9.27963801251,189.174282648,

12674
Pyrobaculum arsenaticum,Pyrobaculum arsenaticum DSM 13514,GCA_000016385,95,1.3,-6.88278600529,93.8395169402,

12674
Pyrococcus abyssi,Pyrococcus abyssi GE5,GCA_000195935,96,0.62,9.70553868887,-109.988539236,

12674
Pyrococcus furiosus,Pyrococcus furiosus DSM 3638,GCA_000007305,100,0.62,15.8008508896,-204.725103003,

12674
Pyrococcus horikoshii,Pyrococcus horikoshii OT3,GCA_000011105,98,0.62,7.78261059711,-152.521016517,

12674
Ralstonia solanacearum GMI1000,Ralstonia solanacearum GMI1000,GCA_000009125,30,4,18.7086226328,-34.1845007897,

12674
Rhodobacter sphaeroides,Rhodobacter sphaeroides 2.4.1,GCA_000012905,32,3,25.555007711,-102.046024816,

12674
Rhodococcus sp. Strain RHA1,Rhodococcus jostii RHA1,GCA_000014565,30,5.3,12.9996899913,-6.00267451814,

12674
Rhodoferax ferrireducens,Rhodoferax ferrireducens T118,GCA_000013605,25,8,23.986660062,-20.4711214627,

12674
Rhodopseudomonas palustris,Rhodopseudomonas palustris CGA009,GCA_000195775,33,9,11.5616176885,-2.75897089759,

12674
Rhodospirillum rubrum,Rhodospirillum rubrum ATCC 11170,GCA_000013085,28,3.8,34.1856901231,-334.534357017,

12674
Rickettsia conorii Malish 7,Rickettsia conorii str. Malish 7,GCA_000007025,35,4.1,1.12705892926,42.168746871,

12674
Rickettsia prowazekii,Rickettsia prowazekii str. Madrid E,GCA_000195735,35,10,8.10759530182,-17.4611675903,

12674
Rickettsia typhi wilmington,Rickettsia typhi str. Wilmington,GCA_000008045,35,10,9.53579046731,-25.8980896455,

12674
Rubrobacter xylanophilus,Rubrobacter xylanophilus DSM 9941,GCA_000014185,60,3.85,4.02734435645,-109.909282457,

12674
Salinibacter ruber,Salinibacter ruber DSM 13855,GCA_000013045,42,14,-17.06121661,133.722945699,

12674
Salmonella typhimurium LT2 ,Salmonella enterica subsp. enterica serovar Typhimurium str. LT2,GCA_000006945,37,0.4,43.7964353329,-214.492095698,

12674
Shewanella oneidensis MR-1,Shewanella oneidensis MR-1,GCA_000146165,30,0.66,51.872877239,-549.774256212,

12674
Silicibacter pomeroyi,Ruegeria pomeroyi DSS-3,GCA_000011965,,1.65,15.1822226098,-37.8290826305,

12674
Sinorhizobium meliloti 1021,Sinorhizobium meliloti 1021,GCA_000006965,28,1.5,21.8332645653,-67.2896845174,

12674
Sodalis glossinidius,Sodalis glossinidius str. 'morsitans',GCA_000010085,25,26,29.4662511835,-169.704238844,

12674
Sorangium cellulosum,Sorangium cellulosum So ce56,GCA_000067165,30,16,0.198310733298,80.0654072403,

12674
Sphingopyxis alaskensis,Sphingopyxis alaskensis RB2256,GCA_000013985,,2.39,8.60580843099,41.8892479496,

12674
Staphylococcus aureus strain N315,Staphylococcus aureus subsp. aureus N315,GCA_000009645,34,0.4,52.7586199602,-515.963277732,

12674
Staphylococcus epidermidis ATCC 12228,Staphylococcus epidermidis ATCC 12228,GCA_000007645,34,0.8,50.8120090681,-529.863988764,

12674
Staphylothermus marinus,Staphylothermus marinus F1,GCA_000015945,87,6.3,7.80676041006,-66.7799724119,

12674
Streptococcus agalactiae 2603VR,Streptococcus agalactiae 2603V/R,GCA_000007265,37,1.8,50.2856531226,-245.716097436,

12674
Streptococcus mutans UA159,Streptococcus mutans UA159,GCA_000007465,37,0.75,39.0442673123,-291.172872059,

12674
Streptococcus pneumoniae TIGR4,Streptococcus pneumoniae TIGR4,GCA_000006885,37,0.5,34.7839714701,-258.715541205,

12674
Streptococcus pyogenes M1,Streptococcus pyogenes M1 GAS,GCA_000006785,37,0.4,40.8464807643,-246.140720469,

12674
Streptococcus thermophilus LMG18311,Streptococcus thermophilus LMG 18311,GCA_000011825,37,0.43,26.1176595273,-127.324567992,

12674
Streptomyces coelicolor A3(2),Streptomyces coelicolor A3(2),GCA_000203835,30,2.2,11.6743844426,-29.8101284346,

12674
Sulfolobus acidocaldarius,Sulfolobus acidocaldarius DSM 639,GCA_000012285,70,5.67,-2.34898782274,38.1839527056,

12674
Sulfolobus solfataricus,Sulfolobus solfataricus P2,GCA_000007005,87,6,-4.67379287447,45.9384669258,

12674
Sulfolobus tokodaii,Sulfolobus tokodaii str. 7,GCA_000011205,80,6,0.307114850204,65.3269117544,

12674
Symbiobacterium thermophilum,Symbiobacterium thermophilum IAM 14863,GCA_000009905,60,4.2,5.62306238294,-113.430939397,

12674
Synechococcus elongatus PCC6301,Synechococcus elongatus PCC 6301,GCA_000010065,32,6.1,-2.16562634494,89.9565301034,

12674
Synechococcus sp WH8102,Synechococcus sp. WH 8102,GCA_000195975,32,6,-14.8853820983,345.421699033,

12674
Synechocystis PCC6803,Synechocystis sp. PCC 6803,GCA_000340785,35,12,12.2417232774,21.6322753094,

12674
Syntrophobacter fumaroxidans,Syntrophobacter fumaroxidans MPOB,GCA_000014965,37,97.86,33.5919621517,-255.932607774,

12674
Syntrophus aciditrophicus,Syntrophus aciditrophicus SB,GCA_000013405,35,24,15.8906438775,-137.203792199,

12674
Thermoanaerobacter tengcongensis,Caldanaerobacter subterraneus subsp. tengcongensis MB4,GCA_000007085,75,1.1,31.1499238295,-310.99882979,

12674
Thermoplasma acidophilum,Thermoplasma acidophilum DSM 1728,GCA_000195915,59,2.5,-7.21331348223,66.8265776774,

12674
Thermoplasma volcanium,Thermoplasma volcanium GSS1,GCA_000011185,60,2.5,-2.59337862651,58.5956705453,

12674
Thermosynechococcus elongatus BP-1,Thermosynechococcus elongatus BP-1,GCA_000011345,55,5.4,7.62015650331,19.0082430374,

12674
Thermotoga maritima,Thermotoga maritima MSB8,GCA_000390265,80,1.2,29.0518207128,-536.12981572,

12674
Thermus thermophilus HB27,Thermus thermophilus HB27,GCA_000008125,75,2.5,0.238472454296,-24.3255265474,

12674
Thiomicrospira crunogena,Thiomicrospira crunogena XCL-2,GCA_000012605,30,1,32.2067045467,-412.32051197,

12674
Treponema denticola ATCC35405,Treponema denticola ATCC 35405,GCA_000008185,37,5,52.5235288451,-266.239774716,

12674
Treponema pallidum,Treponema pallidum subsp. pallidum str. Nichols,GCA_000410535,37,33,5.93584720482,-11.4958086676,

12674
Trichodesmium erythraeum,Trichodesmium erythraeum IMS101,GCA_000014265,28,25,24.8068225894,-101.239923688,

12674
Tropheryma whipplei Twist,Tropheryma whipplei str. Twist,GCA_000007485,37,28,-4.84668701463,86.4534723171,

12674
Ureaplasma urealyticum,Ureaplasma urealyticum serovar 10 str. ATCC 33699,GCA_000021265,37,0.9,30.3213720852,-188.679133493,

12674
Vibrio cholerae ,Vibrio cholerae O1 biovar El Tor str. N16961,GCA_000006745,37,0.2,23.6976778252,-80.7761119904,

12674
Vibrio fischeri ES114,Vibrio fischeri ES114,GCA_000011805,30,0.3,41.8589918193,-149.269344078,

12674
Vibrio parahaemolyticus,Vibrio parahaemolyticus RIMD 2210633,GCA_000196095,25,0.2,36.0066499312,-280.923585809,

12674
Vibrio vulnificus CMCP6 chr1,Vibrio vulnificus CMCP6,GCA_000039765,25,0.16,32.6047957756,-211.867292722,

12674
Wigglesworthia glossinidia brevipalpis,Wigglesworthia glossinidia endosymbiont of Glossina brevipalpis,GCA_000008885,,36,27.7406937504,-159.388424485,

12674
Wolbachia endosymbiont TRS Brugia malayi,Wolbachia endosymbiont strain TRS of Brugia malayi,GCA_000008385,,14,-0.106083439837,50.8385844716,

12674
Wolinella succinogenes,Wolinella succinogenes DSM 1740,GCA_000196135,37,1,41.7177396478,-170.569504821,

12674
Xanthomonas axonopodis,Xanthomonas axonopodis Xac29-1,GCA_000348585,27,7,9.50469348339,42.0499672441,

12674
Xanthomonas campestris,Xanthomonas campestris pv. campestris str. ATCC 33913,GCA_000007145,37,3,3.36819872998,48.1598869986,

12674
Xanthomonas oryzae oryzae KACC10331,Xanthomonas oryzae pv. oryzae KACC 10331,GCA_000007385,28,2,-10.847697602,367.156426363,

12674
Xylella fastidiosa 9a5c,Xylella fastidiosa 9a5c,GCA_000006725,28,5.13,1.47925857855,72.5570123107,

12674
Yersinia pestis CO92,Yersinia pestis CO92,GCA_000009065,37,1.25,43.8668744107,-239.549135038,

12674
Yersinia pseudotuberculosis,Yersinia pseudotuberculosis,GCA_000750315,37,0.5,50.7143697561,-135.051310591,

12674
Zymomonas mobilis,Zymomonas mobilis subsp. mobilis ZM4 = ATCC 31821,GCA_000007105,27,2,23.1034955678,-124.388450667,

Traceback (most recent call last):
  File "simple_gr.py", line 306, in <module>
    for label in output:
NameError: name 'output' is not defined
Traceback (most recent call last):
  File "simple_gr.py", line 306, in <module>
    for label in output:
NameError: name 'output' is not defined
Traceback (most recent call last):
  File "simple_gr.py", line 306, in <module>
    for label in output:
NameError: name 'output' is not defined
